1669059014.476948 client started (50423): version 3.3a, socket /tmp/tmux-1000/default, protocol 8
1669059014.477083 on Linux 6.0.8-200.fc36.x86_64 #1 SMP PREEMPT_DYNAMIC Fri Nov 11 15:03:58 UTC 2022
1669059014.477178 using libevent 2.1.12-stable (poll); ncurses 6.2
1669059014.477325 flags are 0x10010000
1669059014.477367 socket is /tmp/tmux-1000/default
1669059014.477491 trying connect
1669059014.477820 add peer 0x560394882220: 6 ((nil))
1669059014.481004 sending message 100 to peer 0x560394882220 (4 bytes)
1669059014.481070 sending message 111 to peer 0x560394882220 (8 bytes)
1669059014.481101 sending message 101 to peer 0x560394882220 (14 bytes)
1669059014.481129 sending message 109 to peer 0x560394882220 (4 bytes)
1669059014.481155 sending message 102 to peer 0x560394882220 (11 bytes)
1669059014.481183 sending message 108 to peer 0x560394882220 (29 bytes)
1669059014.481210 sending message 112 to peer 0x560394882220 (70 bytes)
1669059014.481238 sending message 112 to peer 0x560394882220 (5 bytes)
1669059014.481265 sending message 112 to peer 0x560394882220 (5 bytes)
1669059014.481291 sending message 112 to peer 0x560394882220 (6 bytes)
1669059014.481317 sending message 112 to peer 0x560394882220 (6 bytes)
1669059014.481343 sending message 112 to peer 0x560394882220 (11 bytes)
1669059014.481369 sending message 112 to peer 0x560394882220 (10 bytes)
1669059014.481395 sending message 112 to peer 0x560394882220 (13 bytes)
1669059014.481462 sending message 112 to peer 0x560394882220 (13 bytes)
1669059014.481513 sending message 112 to peer 0x560394882220 (18 bytes)
1669059014.481541 sending message 112 to peer 0x560394882220 (11 bytes)
1669059014.481568 sending message 112 to peer 0x560394882220 (10 bytes)
1669059014.481593 sending message 112 to peer 0x560394882220 (15 bytes)
1669059014.481620 sending message 112 to peer 0x560394882220 (21 bytes)
1669059014.481646 sending message 112 to peer 0x560394882220 (13 bytes)
1669059014.481673 sending message 112 to peer 0x560394882220 (7 bytes)
1669059014.481700 sending message 112 to peer 0x560394882220 (13 bytes)
1669059014.481727 sending message 112 to peer 0x560394882220 (7 bytes)
1669059014.481754 sending message 112 to peer 0x560394882220 (13 bytes)
1669059014.481780 sending message 112 to peer 0x560394882220 (9 bytes)
1669059014.481806 sending message 112 to peer 0x560394882220 (21 bytes)
1669059014.481832 sending message 112 to peer 0x560394882220 (13 bytes)
1669059014.481859 sending message 112 to peer 0x560394882220 (8 bytes)
1669059014.481885 sending message 112 to peer 0x560394882220 (12 bytes)
1669059014.481911 sending message 112 to peer 0x560394882220 (13 bytes)
1669059014.481937 sending message 112 to peer 0x560394882220 (9 bytes)
1669059014.481963 sending message 112 to peer 0x560394882220 (9 bytes)
1669059014.481989 sending message 112 to peer 0x560394882220 (12 bytes)
1669059014.482014 sending message 112 to peer 0x560394882220 (8 bytes)
1669059014.482040 sending message 112 to peer 0x560394882220 (8 bytes)
1669059014.482065 sending message 112 to peer 0x560394882220 (7 bytes)
1669059014.482091 sending message 112 to peer 0x560394882220 (7 bytes)
1669059014.482116 sending message 112 to peer 0x560394882220 (9 bytes)
1669059014.482142 sending message 112 to peer 0x560394882220 (13 bytes)
1669059014.482167 sending message 112 to peer 0x560394882220 (6 bytes)
1669059014.482192 sending message 112 to peer 0x560394882220 (9 bytes)
1669059014.482218 sending message 112 to peer 0x560394882220 (15 bytes)
1669059014.482244 sending message 112 to peer 0x560394882220 (13 bytes)
1669059014.482270 sending message 112 to peer 0x560394882220 (12 bytes)
1669059014.482296 sending message 112 to peer 0x560394882220 (8 bytes)
1669059014.482322 sending message 112 to peer 0x560394882220 (14 bytes)
1669059014.482348 sending message 112 to peer 0x560394882220 (11 bytes)
1669059014.482374 sending message 112 to peer 0x560394882220 (9 bytes)
1669059014.482399 sending message 112 to peer 0x560394882220 (10 bytes)
1669059014.482465 sending message 112 to peer 0x560394882220 (10 bytes)
1669059014.482494 sending message 112 to peer 0x560394882220 (10 bytes)
1669059014.482562 sending message 112 to peer 0x560394882220 (10 bytes)
1669059014.482594 sending message 112 to peer 0x560394882220 (11 bytes)
1669059014.482620 sending message 112 to peer 0x560394882220 (12 bytes)
1669059014.482646 sending message 112 to peer 0x560394882220 (12 bytes)
1669059014.482672 sending message 112 to peer 0x560394882220 (12 bytes)
1669059014.482698 sending message 112 to peer 0x560394882220 (12 bytes)
1669059014.482725 sending message 112 to peer 0x560394882220 (12 bytes)
1669059014.482750 sending message 112 to peer 0x560394882220 (11 bytes)
1669059014.482776 sending message 112 to peer 0x560394882220 (11 bytes)
1669059014.482802 sending message 112 to peer 0x560394882220 (12 bytes)
1669059014.482828 sending message 112 to peer 0x560394882220 (12 bytes)
1669059014.482853 sending message 112 to peer 0x560394882220 (12 bytes)
1669059014.482879 sending message 112 to peer 0x560394882220 (12 bytes)
1669059014.482905 sending message 112 to peer 0x560394882220 (12 bytes)
1669059014.482930 sending message 112 to peer 0x560394882220 (10 bytes)
1669059014.482956 sending message 112 to peer 0x560394882220 (12 bytes)
1669059014.482982 sending message 112 to peer 0x560394882220 (13 bytes)
1669059014.483007 sending message 112 to peer 0x560394882220 (13 bytes)
1669059014.483033 sending message 112 to peer 0x560394882220 (13 bytes)
1669059014.483058 sending message 112 to peer 0x560394882220 (13 bytes)
1669059014.483084 sending message 112 to peer 0x560394882220 (13 bytes)
1669059014.483110 sending message 112 to peer 0x560394882220 (8 bytes)
1669059014.483136 sending message 112 to peer 0x560394882220 (11 bytes)
1669059014.483161 sending message 112 to peer 0x560394882220 (11 bytes)
1669059014.483187 sending message 112 to peer 0x560394882220 (11 bytes)
1669059014.483213 sending message 112 to peer 0x560394882220 (12 bytes)
1669059014.483238 sending message 112 to peer 0x560394882220 (12 bytes)
1669059014.483264 sending message 112 to peer 0x560394882220 (12 bytes)
1669059014.483289 sending message 112 to peer 0x560394882220 (12 bytes)
1669059014.483315 sending message 112 to peer 0x560394882220 (13 bytes)
1669059014.483340 sending message 112 to peer 0x560394882220 (13 bytes)
1669059014.483366 sending message 112 to peer 0x560394882220 (13 bytes)
1669059014.483392 sending message 112 to peer 0x560394882220 (8 bytes)
1669059014.483466 sending message 112 to peer 0x560394882220 (13 bytes)
1669059014.483501 sending message 112 to peer 0x560394882220 (13 bytes)
1669059014.483527 sending message 112 to peer 0x560394882220 (13 bytes)
1669059014.483553 sending message 112 to peer 0x560394882220 (13 bytes)
1669059014.483578 sending message 112 to peer 0x560394882220 (13 bytes)
1669059014.483604 sending message 112 to peer 0x560394882220 (12 bytes)
1669059014.483629 sending message 112 to peer 0x560394882220 (12 bytes)
1669059014.483655 sending message 112 to peer 0x560394882220 (12 bytes)
1669059014.483682 sending message 112 to peer 0x560394882220 (12 bytes)
1669059014.483707 sending message 112 to peer 0x560394882220 (13 bytes)
1669059014.483733 sending message 112 to peer 0x560394882220 (8 bytes)
1669059014.483770 sending message 112 to peer 0x560394882220 (13 bytes)
1669059014.483815 sending message 112 to peer 0x560394882220 (13 bytes)
1669059014.483855 sending message 112 to peer 0x560394882220 (13 bytes)
1669059014.483898 sending message 112 to peer 0x560394882220 (13 bytes)
1669059014.483944 sending message 112 to peer 0x560394882220 (13 bytes)
1669059014.483976 sending message 112 to peer 0x560394882220 (13 bytes)
1669059014.484002 sending message 112 to peer 0x560394882220 (13 bytes)
1669059014.484028 sending message 112 to peer 0x560394882220 (12 bytes)
1669059014.484054 sending message 112 to peer 0x560394882220 (12 bytes)
1669059014.484080 sending message 112 to peer 0x560394882220 (12 bytes)
1669059014.484106 sending message 112 to peer 0x560394882220 (8 bytes)
1669059014.484132 sending message 112 to peer 0x560394882220 (12 bytes)
1669059014.484158 sending message 112 to peer 0x560394882220 (13 bytes)
1669059014.484199 sending message 112 to peer 0x560394882220 (13 bytes)
1669059014.484238 sending message 112 to peer 0x560394882220 (13 bytes)
1669059014.484264 sending message 112 to peer 0x560394882220 (13 bytes)
1669059014.484290 sending message 112 to peer 0x560394882220 (13 bytes)
1669059014.484316 sending message 112 to peer 0x560394882220 (13 bytes)
1669059014.484342 sending message 112 to peer 0x560394882220 (13 bytes)
1669059014.484368 sending message 112 to peer 0x560394882220 (13 bytes)
1669059014.484393 sending message 112 to peer 0x560394882220 (12 bytes)
1669059014.484459 sending message 112 to peer 0x560394882220 (10 bytes)
1669059014.484498 sending message 112 to peer 0x560394882220 (12 bytes)
1669059014.484525 sending message 112 to peer 0x560394882220 (12 bytes)
1669059014.484551 sending message 112 to peer 0x560394882220 (12 bytes)
1669059014.484577 sending message 112 to peer 0x560394882220 (13 bytes)
1669059014.484603 sending message 112 to peer 0x560394882220 (13 bytes)
1669059014.484628 sending message 112 to peer 0x560394882220 (13 bytes)
1669059014.484654 sending message 112 to peer 0x560394882220 (13 bytes)
1669059014.484680 sending message 112 to peer 0x560394882220 (13 bytes)
1669059014.484706 sending message 112 to peer 0x560394882220 (13 bytes)
1669059014.484732 sending message 112 to peer 0x560394882220 (13 bytes)
1669059014.484758 sending message 112 to peer 0x560394882220 (10 bytes)
1669059014.484783 sending message 112 to peer 0x560394882220 (13 bytes)
1669059014.484809 sending message 112 to peer 0x560394882220 (12 bytes)
1669059014.484835 sending message 112 to peer 0x560394882220 (12 bytes)
1669059014.484860 sending message 112 to peer 0x560394882220 (12 bytes)
1669059014.484886 sending message 112 to peer 0x560394882220 (10 bytes)
1669059014.484912 sending message 112 to peer 0x560394882220 (10 bytes)
1669059014.484937 sending message 112 to peer 0x560394882220 (10 bytes)
1669059014.484963 sending message 112 to peer 0x560394882220 (12 bytes)
1669059014.484988 sending message 112 to peer 0x560394882220 (13 bytes)
1669059014.485014 sending message 112 to peer 0x560394882220 (13 bytes)
1669059014.485040 sending message 112 to peer 0x560394882220 (13 bytes)
1669059014.485065 sending message 112 to peer 0x560394882220 (13 bytes)
1669059014.485091 sending message 112 to peer 0x560394882220 (13 bytes)
1669059014.485117 sending message 112 to peer 0x560394882220 (11 bytes)
1669059014.485143 sending message 112 to peer 0x560394882220 (11 bytes)
1669059014.485168 sending message 112 to peer 0x560394882220 (12 bytes)
1669059014.485194 sending message 112 to peer 0x560394882220 (12 bytes)
1669059014.485220 sending message 112 to peer 0x560394882220 (12 bytes)
1669059014.485246 sending message 112 to peer 0x560394882220 (12 bytes)
1669059014.485271 sending message 112 to peer 0x560394882220 (12 bytes)
1669059014.485297 sending message 112 to peer 0x560394882220 (11 bytes)
1669059014.485322 sending message 112 to peer 0x560394882220 (12 bytes)
1669059014.485348 sending message 112 to peer 0x560394882220 (12 bytes)
1669059014.485373 sending message 112 to peer 0x560394882220 (13 bytes)
1669059014.485399 sending message 112 to peer 0x560394882220 (13 bytes)
1669059014.485454 sending message 112 to peer 0x560394882220 (13 bytes)
1669059014.485483 sending message 112 to peer 0x560394882220 (13 bytes)
1669059014.485509 sending message 112 to peer 0x560394882220 (13 bytes)
1669059014.485574 sending message 112 to peer 0x560394882220 (10 bytes)
1669059014.485611 sending message 112 to peer 0x560394882220 (9 bytes)
1669059014.485639 sending message 112 to peer 0x560394882220 (12 bytes)
1669059014.485666 sending message 112 to peer 0x560394882220 (13 bytes)
1669059014.485691 sending message 112 to peer 0x560394882220 (13 bytes)
1669059014.485717 sending message 112 to peer 0x560394882220 (13 bytes)
1669059014.485742 sending message 112 to peer 0x560394882220 (13 bytes)
1669059014.485768 sending message 112 to peer 0x560394882220 (13 bytes)
1669059014.485824 sending message 112 to peer 0x560394882220 (9 bytes)
1669059014.485853 sending message 112 to peer 0x560394882220 (12 bytes)
1669059014.485879 sending message 112 to peer 0x560394882220 (13 bytes)
1669059014.485905 sending message 112 to peer 0x560394882220 (13 bytes)
1669059014.485931 sending message 112 to peer 0x560394882220 (13 bytes)
1669059014.485957 sending message 112 to peer 0x560394882220 (13 bytes)
1669059014.485982 sending message 112 to peer 0x560394882220 (13 bytes)
1669059014.486008 sending message 112 to peer 0x560394882220 (11 bytes)
1669059014.486034 sending message 112 to peer 0x560394882220 (12 bytes)
1669059014.486060 sending message 112 to peer 0x560394882220 (13 bytes)
1669059014.486086 sending message 112 to peer 0x560394882220 (13 bytes)
1669059014.486111 sending message 112 to peer 0x560394882220 (13 bytes)
1669059014.486137 sending message 112 to peer 0x560394882220 (13 bytes)
1669059014.486163 sending message 112 to peer 0x560394882220 (13 bytes)
1669059014.486189 sending message 112 to peer 0x560394882220 (11 bytes)
1669059014.486215 sending message 112 to peer 0x560394882220 (12 bytes)
1669059014.486240 sending message 112 to peer 0x560394882220 (12 bytes)
1669059014.486266 sending message 112 to peer 0x560394882220 (12 bytes)
1669059014.486292 sending message 112 to peer 0x560394882220 (12 bytes)
1669059014.486318 sending message 112 to peer 0x560394882220 (12 bytes)
1669059014.486343 sending message 112 to peer 0x560394882220 (21 bytes)
1669059014.486369 sending message 112 to peer 0x560394882220 (12 bytes)
1669059014.486395 sending message 112 to peer 0x560394882220 (9 bytes)
1669059014.486462 sending message 112 to peer 0x560394882220 (6 bytes)
1669059014.486509 sending message 112 to peer 0x560394882220 (8 bytes)
1669059014.486539 sending message 112 to peer 0x560394882220 (15 bytes)
1669059014.486565 sending message 112 to peer 0x560394882220 (13 bytes)
1669059014.486591 sending message 112 to peer 0x560394882220 (9 bytes)
1669059014.486618 sending message 112 to peer 0x560394882220 (70 bytes)
1669059014.486644 sending message 112 to peer 0x560394882220 (69 bytes)
1669059014.486670 sending message 112 to peer 0x560394882220 (10 bytes)
1669059014.486697 sending message 112 to peer 0x560394882220 (10 bytes)
1669059014.486724 sending message 112 to peer 0x560394882220 (8 bytes)
1669059014.486750 sending message 112 to peer 0x560394882220 (15 bytes)
1669059014.486777 sending message 112 to peer 0x560394882220 (13 bytes)
1669059014.486803 sending message 112 to peer 0x560394882220 (10 bytes)
1669059014.486829 sending message 112 to peer 0x560394882220 (10 bytes)
1669059014.486855 sending message 112 to peer 0x560394882220 (17 bytes)
1669059014.486881 sending message 112 to peer 0x560394882220 (10 bytes)
1669059014.486907 sending message 112 to peer 0x560394882220 (13 bytes)
1669059014.486933 sending message 112 to peer 0x560394882220 (9 bytes)
1669059014.486960 sending message 112 to peer 0x560394882220 (5 bytes)
1669059014.486987 sending message 112 to peer 0x560394882220 (15 bytes)
1669059014.487018 sending message 104 to peer 0x560394882220 (0 bytes)
1669059014.487047 sending message 110 to peer 0x560394882220 (0 bytes)
1669059014.487077 sending message 107 to peer 0x560394882220 (4 bytes)
1669059014.487105 sending message 105 to peer 0x560394882220 (16 bytes)
1669059014.487133 sending message 105 to peer 0x560394882220 (78 bytes)
1669059014.487160 sending message 105 to peer 0x560394882220 (20 bytes)
1669059014.487186 sending message 105 to peer 0x560394882220 (23 bytes)
1669059014.487231 sending message 105 to peer 0x560394882220 (23 bytes)
1669059014.487257 sending message 105 to peer 0x560394882220 (26 bytes)
1669059014.487283 sending message 105 to peer 0x560394882220 (35 bytes)
1669059014.487310 sending message 105 to peer 0x560394882220 (25 bytes)
1669059014.487336 sending message 105 to peer 0x560394882220 (14 bytes)
1669059014.487362 sending message 105 to peer 0x560394882220 (28 bytes)
1669059014.487389 sending message 105 to peer 0x560394882220 (41 bytes)
1669059014.487473 sending message 105 to peer 0x560394882220 (20 bytes)
1669059014.487505 sending message 105 to peer 0x560394882220 (22 bytes)
1669059014.487532 sending message 105 to peer 0x560394882220 (21 bytes)
1669059014.487558 sending message 105 to peer 0x560394882220 (33 bytes)
1669059014.487585 sending message 105 to peer 0x560394882220 (26 bytes)
1669059014.487611 sending message 105 to peer 0x560394882220 (16 bytes)
1669059014.487638 sending message 105 to peer 0x560394882220 (25 bytes)
1669059014.487664 sending message 105 to peer 0x560394882220 (22 bytes)
1669059014.487690 sending message 105 to peer 0x560394882220 (54 bytes)
1669059014.487716 sending message 105 to peer 0x560394882220 (21 bytes)
1669059014.487742 sending message 105 to peer 0x560394882220 (19 bytes)
1669059014.487768 sending message 105 to peer 0x560394882220 (17 bytes)
1669059014.487795 sending message 105 to peer 0x560394882220 (17 bytes)
1669059014.487822 sending message 105 to peer 0x560394882220 (1525 bytes)
1669059014.487875 sending message 105 to peer 0x560394882220 (26 bytes)
1669059014.487909 sending message 105 to peer 0x560394882220 (17 bytes)
1669059014.487939 sending message 105 to peer 0x560394882220 (26 bytes)
1669059014.487967 sending message 105 to peer 0x560394882220 (86 bytes)
1669059014.487995 sending message 105 to peer 0x560394882220 (23 bytes)
1669059014.488023 sending message 105 to peer 0x560394882220 (23 bytes)
1669059014.488053 sending message 105 to peer 0x560394882220 (19 bytes)
1669059014.488082 sending message 105 to peer 0x560394882220 (35 bytes)
1669059014.488111 sending message 105 to peer 0x560394882220 (13 bytes)
1669059014.488139 sending message 105 to peer 0x560394882220 (13 bytes)
1669059014.488167 sending message 105 to peer 0x560394882220 (30 bytes)
1669059014.488197 sending message 105 to peer 0x560394882220 (11 bytes)
1669059014.488226 sending message 105 to peer 0x560394882220 (8 bytes)
1669059014.488256 sending message 105 to peer 0x560394882220 (18 bytes)
1669059014.488284 sending message 105 to peer 0x560394882220 (31 bytes)
1669059014.488310 sending message 105 to peer 0x560394882220 (55 bytes)
1669059014.488336 sending message 105 to peer 0x560394882220 (25 bytes)
1669059014.488364 sending message 105 to peer 0x560394882220 (124 bytes)
1669059014.488391 sending message 105 to peer 0x560394882220 (250 bytes)
1669059014.488437 sending message 105 to peer 0x560394882220 (17 bytes)
1669059014.488466 sending message 105 to peer 0x560394882220 (54 bytes)
1669059014.488493 sending message 105 to peer 0x560394882220 (29 bytes)
1669059014.488520 sending message 105 to peer 0x560394882220 (18 bytes)
1669059014.488547 sending message 105 to peer 0x560394882220 (145 bytes)
1669059014.488573 sending message 105 to peer 0x560394882220 (21 bytes)
1669059014.488600 sending message 105 to peer 0x560394882220 (16 bytes)
1669059014.488629 sending message 106 to peer 0x560394882220 (0 bytes)
1669059014.488925 sending message 200 to peer 0x560394882220 (4 bytes)
1669059014.488986 client loop enter
1669059014.490818 peer 0x560394882220 message 303
1669059014.490878 open write file 2 -
1669059014.490927 sending message 305 to peer 0x560394882220 (8 bytes)
1669059014.490973 write check file 2
1669059014.491554 peer 0x560394882220 message 304
1669059014.491611 write 58 to file 2
1669059014.491646 peer 0x560394882220 message 203
1669059014.491672 file 2 58 bytes left
1669059014.491734 write check file 2
1669059014.491763 client loop exit
